<?xml version="1.0" encoding="UTF-8"?>
<!-- Generated by org.testng.reporters.JUnitXMLReporter -->
<testsuite ignored="1" hostname="LAPTOP-N5I0RG60" failures="0" tests="1" name="Test" time="24.967" errors="0" timestamp="2024-09-18T13:32:47 IST">
  <testcase classname="com.testCases.TC002_LoginTest" name="verify_login" time="19.776"/>
  <testcase classname="com.testCases.TC001_AccountRegistrationTest" name="verify_account_registraion" time="0.0">
    <ignored/>
  </testcase> <!-- verify_account_registraion -->
</testsuite> <!-- Test -->
