<?xml version="1.0" encoding="UTF-8"?>
<!-- Generated by org.testng.reporters.JUnitXMLReporter -->
<testsuite ignored="0" hostname="LAPTOP-N5I0RG60" failures="1" tests="2" name="Test" time="27.633" errors="0" timestamp="2024-09-19T14:56:23 IST">
  <testcase classname="com.testCases.TC001_AccountRegistrationTest" name="verify_account_registraion" time="5.368"/>
  <testcase classname="com.testCases.TC002_LoginTest" name="verify_login" time="11.659">
    <failure type="java.lang.AssertionError" message="expected [true] but found [false]">
      <![CDATA[java.lang.AssertionError: expected [true] but found [false]
at com.testCases.TC002_LoginTest.verify_login(TC002_LoginTest.java:38)
at java.base/java.util.ArrayList.forEach(ArrayList.java:1511)
... Removed 31 stack frames]]>
    </failure>
  </testcase> <!-- verify_login -->
</testsuite> <!-- Test -->
