<?xml version="1.0" encoding="UTF-8"?>
<testng-results ignored="0" total="2" passed="2" failed="0" skipped="0">
  <reporter-output>
  </reporter-output>
  <suite started-at="2024-09-20T16:59:43 IST" name="Master Suite" finished-at="2024-09-20T17:00:06 IST" duration-ms="23755">
    <groups>
      <group name="Master">
        <method signature="TC001_AccountRegistrationTest.verify_account_registraion()[pri:0, instance:com.testCases.TC001_AccountRegistrationTest@13d9b21f]" name="verify_account_registraion" class="com.testCases.TC001_AccountRegistrationTest"/>
        <method signature="TC002_LoginTest.verify_login()[pri:0, instance:com.testCases.TC002_LoginTest@737a135b]" name="verify_login" class="com.testCases.TC002_LoginTest"/>
      </group> <!-- Master -->
      <group name="Sanity">
        <method signature="TC002_LoginTest.verify_login()[pri:0, instance:com.testCases.TC002_LoginTest@737a135b]" name="verify_login" class="com.testCases.TC002_LoginTest"/>
      </group> <!-- Sanity -->
      <group name="Regression">
        <method signature="TC001_AccountRegistrationTest.verify_account_registraion()[pri:0, instance:com.testCases.TC001_AccountRegistrationTest@13d9b21f]" name="verify_account_registraion" class="com.testCases.TC001_AccountRegistrationTest"/>
      </group> <!-- Regression -->
    </groups>
    <test started-at="2024-09-20T16:59:43 IST" name="Test" finished-at="2024-09-20T17:00:06 IST" duration-ms="23755">
      <class name="com.testCases.TC001_AccountRegistrationTest">
        <test-method is-config="true" signature="setup(java.lang.String,java.lang.String)[pri:0, instance:com.testCases.TC001_AccountRegistrationTest@13d9b21f]" started-at="2024-09-20T16:59:43 IST" name="setup" finished-at="2024-09-20T16:59:47 IST" duration-ms="4224" status="PASS">
          <params>
            <param index="0">
              <value>
                <![CDATA[Windows]]>
              </value>
            </param>
            <param index="1">
              <value>
                <![CDATA[chrome]]>
              </value>
            </param>
          </params>
          <reporter-output>
          </reporter-output>
        </test-method> <!-- setup -->
        <test-method signature="verify_account_registraion()[pri:0, instance:com.testCases.TC001_AccountRegistrationTest@13d9b21f]" started-at="2024-09-20T16:59:47 IST" name="verify_account_registraion" finished-at="2024-09-20T16:59:53 IST" duration-ms="5665" status="PASS">
          <reporter-output>
          </reporter-output>
        </test-method> <!-- verify_account_registraion -->
      </class> <!-- com.testCases.TC001_AccountRegistrationTest -->
      <class name="com.testCases.TC002_LoginTest">
        <test-method is-config="true" signature="setup(java.lang.String,java.lang.String)[pri:0, instance:com.testCases.TC002_LoginTest@737a135b]" started-at="2024-09-20T16:59:53 IST" name="setup" finished-at="2024-09-20T17:00:04 IST" duration-ms="10786" status="PASS">
          <params>
            <param index="0">
              <value>
                <![CDATA[Windows]]>
              </value>
            </param>
            <param index="1">
              <value>
                <![CDATA[chrome]]>
              </value>
            </param>
          </params>
          <reporter-output>
          </reporter-output>
        </test-method> <!-- setup -->
        <test-method signature="verify_login()[pri:0, instance:com.testCases.TC002_LoginTest@737a135b]" started-at="2024-09-20T17:00:04 IST" name="verify_login" finished-at="2024-09-20T17:00:06 IST" duration-ms="2704" status="PASS">
          <reporter-output>
          </reporter-output>
        </test-method> <!-- verify_login -->
      </class> <!-- com.testCases.TC002_LoginTest -->
    </test> <!-- Test -->
  </suite> <!-- Master Suite -->
</testng-results>
